2025-08-09 00:14:53,664 - INFO - Database initialized successfully
2025-08-09 00:14:53,664 - INFO - Starting Smart Home MQTT Receiver...
2025-08-09 00:14:53,667 - ERROR - Failed to connect to MQTT broker. Code: 5
2025-08-09 00:14:53,667 - WARNING - Disconnected from MQTT broker
2025-08-09 00:14:54,667 - ERROR - Failed to connect to MQTT broker. Code: 5
2025-08-09 00:14:54,668 - WARNING - Disconnected from MQTT broker
2025-08-09 00:14:56,668 - ERROR - Failed to connect to MQTT broker. Code: 5
2025-08-09 00:14:56,669 - WARNING - Disconnected from MQTT broker
2025-08-09 00:15:00,669 - ERROR - Failed to connect to MQTT broker. Code: 5
2025-08-09 00:15:00,670 - WARNING - Disconnected from MQTT broker
2025-08-09 00:15:08,670 - ERROR - Failed to connect to MQTT broker. Code: 5
2025-08-09 00:15:08,670 - WARNING - Disconnected from MQTT broker
2025-08-09 00:15:24,671 - ERROR - Failed to connect to MQTT broker. Code: 5
2025-08-09 00:15:24,671 - WARNING - Disconnected from MQTT broker
2025-08-09 00:15:25,804 - INFO - Shutting down MQTT receiver...
2025-08-09 00:17:01,685 - INFO - Database initialized successfully
2025-08-09 00:17:01,686 - INFO - Starting Smart Home MQTT Receiver...
2025-08-09 00:17:01,688 - INFO - Connected to MQTT broker successfully
2025-08-09 00:17:01,688 - INFO - Subscribed to: home/+/+/+/+
2025-08-09 00:17:01,689 - INFO - Subscribed to: home/system/+
2025-08-09 00:20:19,801 - INFO - Received [home/system/status]: {"room":"bedroom","node":"node1","status":"online","ip":"10.188.107.193","timestamp":2}
2025-08-09 00:20:19,860 - INFO - Received [home/bedroom/node1/temperature_sensor/value]: 30.2
2025-08-09 00:20:19,864 - INFO - Received [home/bedroom/node1/humidity_sensor/value]: 71.8
2025-08-09 00:20:19,865 - INFO - Received [home/bedroom/node1/gas_sensor/analog_value]: 818
2025-08-09 00:20:19,865 - INFO - Received [home/bedroom/node1/gas_sensor/status]: SAFE
2025-08-09 00:20:19,866 - INFO - Received [home/bedroom/node1/flame_sensor/alert]: NO_FIRE
2025-08-09 00:20:19,867 - INFO - Received [home/bedroom/node1/led_system/status]: {"green":1,"yellow":0,"red":0}
2025-08-09 00:20:19,867 - INFO - Received [home/bedroom/node1/buzzer/status]: {"active":false,"level":"OFF"}
2025-08-09 00:20:21,921 - INFO - Received [home/bedroom/node1/temperature_sensor/value]: 30.2
2025-08-09 00:20:21,930 - INFO - Received [home/bedroom/node1/humidity_sensor/value]: 71.9
2025-08-09 00:20:21,931 - INFO - Received [home/bedroom/node1/gas_sensor/analog_value]: 945
2025-08-09 00:20:21,932 - INFO - Received [home/bedroom/node1/gas_sensor/status]: SAFE
2025-08-09 00:20:21,932 - INFO - Received [home/bedroom/node1/flame_sensor/alert]: NO_FIRE
2025-08-09 00:20:21,933 - INFO - Received [home/bedroom/node1/led_system/status]: {"green":1,"yellow":0,"red":0}
2025-08-09 00:20:21,933 - INFO - Received [home/bedroom/node1/buzzer/status]: {"active":false,"level":"OFF"}
2025-08-09 00:20:24,022 - INFO - Received [home/bedroom/node1/temperature_sensor/value]: 30.2
2025-08-09 00:20:24,032 - INFO - Received [home/bedroom/node1/humidity_sensor/value]: 72.0
2025-08-09 00:20:24,033 - INFO - Received [home/bedroom/node1/gas_sensor/analog_value]: 1072
2025-08-09 00:20:24,033 - INFO - Received [home/bedroom/node1/gas_sensor/status]: SAFE
2025-08-09 00:20:24,034 - INFO - Received [home/bedroom/node1/flame_sensor/alert]: NO_FIRE
2025-08-09 00:20:24,034 - INFO - Received [home/bedroom/node1/led_system/status]: {"green":1,"yellow":0,"red":0}
2025-08-09 00:20:24,035 - INFO - Received [home/bedroom/node1/buzzer/status]: {"active":false,"level":"OFF"}
2025-08-09 00:20:26,103 - INFO - Received [home/bedroom/node1/temperature_sensor/value]: 30.3
2025-08-09 00:20:26,112 - INFO - Received [home/bedroom/node1/humidity_sensor/value]: 72.0
2025-08-09 00:20:26,113 - INFO - Received [home/bedroom/node1/gas_sensor/analog_value]: 1165
2025-08-09 00:20:26,113 - INFO - Received [home/bedroom/node1/gas_sensor/status]: SAFE
2025-08-09 00:20:26,114 - INFO - Received [home/bedroom/node1/flame_sensor/alert]: NO_FIRE
2025-08-09 00:20:26,114 - INFO - Received [home/bedroom/node1/led_system/status]: {"green":1,"yellow":0,"red":0}
2025-08-09 00:20:26,114 - INFO - Received [home/bedroom/node1/buzzer/status]: {"active":false,"level":"OFF"}
2025-08-09 00:20:28,182 - INFO - Received [home/bedroom/node1/temperature_sensor/value]: 30.3
2025-08-09 00:20:28,190 - INFO - Received [home/bedroom/node1/humidity_sensor/value]: 72.0
2025-08-09 00:20:28,191 - INFO - Received [home/bedroom/node1/gas_sensor/analog_value]: 1244
2025-08-09 00:20:28,192 - INFO - Received [home/bedroom/node1/gas_sensor/status]: SAFE
2025-08-09 00:20:28,192 - INFO - Received [home/bedroom/node1/flame_sensor/alert]: NO_FIRE
2025-08-09 00:20:28,193 - INFO - Received [home/bedroom/node1/led_system/status]: {"green":1,"yellow":0,"red":0}
2025-08-09 00:20:28,193 - INFO - Received [home/bedroom/node1/buzzer/status]: {"active":false,"level":"OFF"}
2025-08-09 00:20:30,267 - INFO - Received [home/bedroom/node1/temperature_sensor/value]: 30.3
2025-08-09 00:20:30,282 - INFO - Received [home/bedroom/node1/humidity_sensor/value]: 72.0
2025-08-09 00:20:30,283 - INFO - Received [home/bedroom/node1/gas_sensor/analog_value]: 1290
2025-08-09 00:20:30,283 - INFO - Received [home/bedroom/node1/gas_sensor/status]: SAFE
2025-08-09 00:20:30,284 - INFO - Received [home/bedroom/node1/flame_sensor/alert]: NO_FIRE
2025-08-09 00:20:30,284 - INFO - Received [home/bedroom/node1/led_system/status]: {"green":1,"yellow":0,"red":0}
2025-08-09 00:20:30,285 - INFO - Received [home/bedroom/node1/buzzer/status]: {"active":false,"level":"OFF"}
2025-08-09 00:20:32,364 - INFO - Received [home/bedroom/node1/temperature_sensor/value]: 30.3
2025-08-09 00:20:32,382 - INFO - Received [home/bedroom/node1/humidity_sensor/value]: 72.1
2025-08-09 00:20:32,383 - INFO - Received [home/bedroom/node1/gas_sensor/analog_value]: 1351
2025-08-09 00:20:32,384 - INFO - Received [home/bedroom/node1/gas_sensor/status]: SAFE
2025-08-09 00:20:32,384 - INFO - Received [home/bedroom/node1/flame_sensor/alert]: NO_FIRE
2025-08-09 00:20:32,385 - INFO - Received [home/bedroom/node1/led_system/status]: {"green":1,"yellow":0,"red":0}
2025-08-09 00:20:32,385 - INFO - Received [home/bedroom/node1/buzzer/status]: {"active":false,"level":"OFF"}
2025-08-09 00:20:34,526 - INFO - Received [home/bedroom/node1/temperature_sensor/value]: 30.3
2025-08-09 00:20:34,534 - INFO - Received [home/bedroom/node1/humidity_sensor/value]: 72.1
2025-08-09 00:20:34,534 - INFO - Received [home/bedroom/node1/gas_sensor/analog_value]: 1392
2025-08-09 00:20:34,535 - INFO - Received [home/bedroom/node1/gas_sensor/status]: SAFE
2025-08-09 00:20:34,535 - INFO - Received [home/bedroom/node1/flame_sensor/alert]: NO_FIRE
2025-08-09 00:20:34,538 - INFO - Received [home/bedroom/node1/led_system/status]: {"green":1,"yellow":0,"red":0}
2025-08-09 00:20:34,538 - INFO - Received [home/bedroom/node1/buzzer/status]: {"active":false,"level":"OFF"}
2025-08-09 00:20:36,533 - INFO - Received [home/bedroom/node1/temperature_sensor/value]: 30.3
2025-08-09 00:20:36,582 - INFO - Received [home/bedroom/node1/humidity_sensor/value]: 72.0
2025-08-09 00:20:36,583 - INFO - Received [home/bedroom/node1/gas_sensor/analog_value]: 1424
2025-08-09 00:20:36,584 - INFO - Received [home/bedroom/node1/gas_sensor/status]: SAFE
2025-08-09 00:20:36,584 - INFO - Received [home/bedroom/node1/flame_sensor/alert]: NO_FIRE
2025-08-09 00:20:36,585 - INFO - Received [home/bedroom/node1/led_system/status]: {"green":1,"yellow":0,"red":0}
2025-08-09 00:20:36,585 - INFO - Received [home/bedroom/node1/buzzer/status]: {"active":false,"level":"OFF"}
2025-08-09 00:20:38,620 - INFO - Received [home/bedroom/node1/temperature_sensor/value]: 30.4
2025-08-09 00:20:38,629 - INFO - Received [home/bedroom/node1/humidity_sensor/value]: 72.1
2025-08-09 00:20:38,630 - INFO - Received [home/bedroom/node1/gas_sensor/analog_value]: 1443
2025-08-09 00:20:38,631 - INFO - Received [home/bedroom/node1/gas_sensor/status]: SAFE
2025-08-09 00:20:38,631 - INFO - Received [home/bedroom/node1/flame_sensor/alert]: NO_FIRE
2025-08-09 00:20:38,632 - INFO - Received [home/bedroom/node1/led_system/status]: {"green":1,"yellow":0,"red":0}
2025-08-09 00:20:38,632 - INFO - Received [home/bedroom/node1/buzzer/status]: {"active":false,"level":"OFF"}
2025-08-09 00:20:40,707 - INFO - Received [home/bedroom/node1/temperature_sensor/value]: 30.4
2025-08-09 00:20:40,716 - INFO - Received [home/bedroom/node1/humidity_sensor/value]: 72.1
2025-08-09 00:20:40,717 - INFO - Received [home/bedroom/node1/gas_sensor/analog_value]: 1458
2025-08-09 00:20:40,718 - INFO - Received [home/bedroom/node1/gas_sensor/status]: SAFE
2025-08-09 00:20:40,718 - INFO - Received [home/bedroom/node1/flame_sensor/alert]: NO_FIRE
2025-08-09 00:20:40,719 - INFO - Received [home/bedroom/node1/led_system/status]: {"green":1,"yellow":0,"red":0}
2025-08-09 00:20:40,719 - INFO - Received [home/bedroom/node1/buzzer/status]: {"active":false,"level":"OFF"}
2025-08-09 00:20:42,795 - INFO - Received [home/bedroom/node1/temperature_sensor/value]: 30.4
2025-08-09 00:20:42,805 - INFO - Received [home/bedroom/node1/humidity_sensor/value]: 72.1
2025-08-09 00:20:42,806 - INFO - Received [home/bedroom/node1/gas_sensor/analog_value]: 1470
2025-08-09 00:20:42,806 - INFO - Received [home/bedroom/node1/gas_sensor/status]: SAFE
2025-08-09 00:20:42,807 - INFO - Received [home/bedroom/node1/flame_sensor/alert]: NO_FIRE
2025-08-09 00:20:42,807 - INFO - Received [home/bedroom/node1/led_system/status]: {"green":1,"yellow":0,"red":0}
2025-08-09 00:20:42,807 - INFO - Received [home/bedroom/node1/buzzer/status]: {"active":false,"level":"OFF"}
2025-08-09 00:20:44,880 - INFO - Received [home/bedroom/node1/temperature_sensor/value]: 30.4
2025-08-09 00:20:44,887 - INFO - Received [home/bedroom/node1/humidity_sensor/value]: 72.1
2025-08-09 00:20:44,888 - INFO - Received [home/bedroom/node1/gas_sensor/analog_value]: 1481
2025-08-09 00:20:44,889 - INFO - Received [home/bedroom/node1/gas_sensor/status]: SAFE
2025-08-09 00:20:44,889 - INFO - Received [home/bedroom/node1/flame_sensor/alert]: NO_FIRE
2025-08-09 00:20:44,890 - INFO - Received [home/bedroom/node1/led_system/status]: {"green":1,"yellow":0,"red":0}
2025-08-09 00:20:44,890 - INFO - Received [home/bedroom/node1/buzzer/status]: {"active":false,"level":"OFF"}
2025-08-09 00:20:46,967 - INFO - Received [home/bedroom/node1/temperature_sensor/value]: 30.4
2025-08-09 00:20:46,975 - INFO - Received [home/bedroom/node1/humidity_sensor/value]: 72.0
2025-08-09 00:20:46,976 - INFO - Received [home/bedroom/node1/gas_sensor/analog_value]: 1481
2025-08-09 00:20:46,977 - INFO - Received [home/bedroom/node1/gas_sensor/status]: SAFE
2025-08-09 00:20:46,977 - INFO - Received [home/bedroom/node1/flame_sensor/alert]: NO_FIRE
2025-08-09 00:20:46,978 - INFO - Received [home/bedroom/node1/led_system/status]: {"green":1,"yellow":0,"red":0}
2025-08-09 00:20:46,978 - INFO - Received [home/bedroom/node1/buzzer/status]: {"active":false,"level":"OFF"}
2025-08-09 00:20:47,527 - INFO - Received [home/system/heartbeat]: {"room":"bedroom","node":"node1","type":"environmental_monitor","uptime":30,"free_heap":233804,"wifi_rssi":-42,"timestamp":30}
2025-08-09 00:20:49,058 - INFO - Received [home/bedroom/node1/temperature_sensor/value]: 30.4
2025-08-09 00:20:49,066 - INFO - Received [home/bedroom/node1/humidity_sensor/value]: 72.0
2025-08-09 00:20:49,067 - INFO - Received [home/bedroom/node1/gas_sensor/analog_value]: 1491
2025-08-09 00:20:49,067 - INFO - Received [home/bedroom/node1/gas_sensor/status]: SAFE
2025-08-09 00:20:49,068 - INFO - Received [home/bedroom/node1/flame_sensor/alert]: NO_FIRE
2025-08-09 00:20:49,068 - INFO - Received [home/bedroom/node1/led_system/status]: {"green":1,"yellow":0,"red":0}
2025-08-09 00:20:49,069 - INFO - Received [home/bedroom/node1/buzzer/status]: {"active":false,"level":"OFF"}
2025-08-09 00:20:51,146 - INFO - Received [home/bedroom/node1/temperature_sensor/value]: 30.4
2025-08-09 00:20:51,199 - INFO - Received [home/bedroom/node1/humidity_sensor/value]: 72.0
2025-08-09 00:20:51,200 - INFO - Received [home/bedroom/node1/gas_sensor/analog_value]: 1489
2025-08-09 00:20:51,201 - INFO - Received [home/bedroom/node1/gas_sensor/status]: SAFE
2025-08-09 00:20:51,201 - INFO - Received [home/bedroom/node1/flame_sensor/alert]: NO_FIRE
2025-08-09 00:20:51,202 - INFO - Received [home/bedroom/node1/led_system/status]: {"green":1,"yellow":0,"red":0}
2025-08-09 00:20:51,202 - INFO - Received [home/bedroom/node1/buzzer/status]: {"active":false,"level":"OFF"}
2025-08-09 00:20:53,237 - INFO - Received [home/bedroom/node1/temperature_sensor/value]: 30.4
2025-08-09 00:20:53,246 - INFO - Received [home/bedroom/node1/humidity_sensor/value]: 72.0
2025-08-09 00:20:53,247 - INFO - Received [home/bedroom/node1/gas_sensor/analog_value]: 1467
2025-08-09 00:20:53,248 - INFO - Received [home/bedroom/node1/gas_sensor/status]: SAFE
2025-08-09 00:20:53,248 - INFO - Received [home/bedroom/node1/flame_sensor/alert]: NO_FIRE
2025-08-09 00:20:53,249 - INFO - Received [home/bedroom/node1/led_system/status]: {"green":1,"yellow":0,"red":0}
2025-08-09 00:20:53,250 - INFO - Received [home/bedroom/node1/buzzer/status]: {"active":false,"level":"OFF"}
2025-08-09 00:20:55,322 - INFO - Received [home/bedroom/node1/temperature_sensor/value]: 30.5
2025-08-09 00:20:55,339 - INFO - Received [home/bedroom/node1/humidity_sensor/value]: 72.0
2025-08-09 00:20:55,340 - INFO - Received [home/bedroom/node1/gas_sensor/analog_value]: 1491
2025-08-09 00:20:55,341 - INFO - Received [home/bedroom/node1/gas_sensor/status]: SAFE
2025-08-09 00:20:55,341 - INFO - Received [home/bedroom/node1/flame_sensor/alert]: NO_FIRE
2025-08-09 00:20:55,341 - INFO - Received [home/bedroom/node1/led_system/status]: {"green":1,"yellow":0,"red":0}
2025-08-09 00:20:55,342 - INFO - Received [home/bedroom/node1/buzzer/status]: {"active":false,"level":"OFF"}
2025-08-09 00:20:57,409 - INFO - Received [home/bedroom/node1/temperature_sensor/value]: 30.5
2025-08-09 00:20:57,419 - INFO - Received [home/bedroom/node1/humidity_sensor/value]: 72.0
2025-08-09 00:20:57,419 - INFO - Received [home/bedroom/node1/gas_sensor/analog_value]: 1481
2025-08-09 00:20:57,420 - INFO - Received [home/bedroom/node1/gas_sensor/status]: SAFE
2025-08-09 00:20:57,420 - INFO - Received [home/bedroom/node1/flame_sensor/alert]: NO_FIRE
2025-08-09 00:20:57,421 - INFO - Received [home/bedroom/node1/led_system/status]: {"green":1,"yellow":0,"red":0}
2025-08-09 00:20:57,421 - INFO - Received [home/bedroom/node1/buzzer/status]: {"active":false,"level":"OFF"}
2025-08-09 00:20:59,496 - INFO - Received [home/bedroom/node1/temperature_sensor/value]: 30.5
2025-08-09 00:20:59,505 - INFO - Received [home/bedroom/node1/humidity_sensor/value]: 72.0
2025-08-09 00:20:59,506 - INFO - Received [home/bedroom/node1/gas_sensor/analog_value]: 1494
2025-08-09 00:20:59,507 - INFO - Received [home/bedroom/node1/gas_sensor/status]: SAFE
2025-08-09 00:20:59,508 - INFO - Received [home/bedroom/node1/flame_sensor/alert]: NO_FIRE
2025-08-09 00:20:59,508 - INFO - Received [home/bedroom/node1/led_system/status]: {"green":1,"yellow":0,"red":0}
2025-08-09 00:20:59,509 - INFO - Received [home/bedroom/node1/buzzer/status]: {"active":false,"level":"OFF"}
2025-08-09 00:21:01,583 - INFO - Received [home/bedroom/node1/temperature_sensor/value]: 30.5
2025-08-09 00:21:01,593 - INFO - Received [home/bedroom/node1/humidity_sensor/value]: 72.0
2025-08-09 00:21:01,594 - INFO - Received [home/bedroom/node1/gas_sensor/analog_value]: 1498
2025-08-09 00:21:01,595 - INFO - Received [home/bedroom/node1/gas_sensor/status]: SAFE
2025-08-09 00:21:01,596 - INFO - Received [home/bedroom/node1/flame_sensor/alert]: NO_FIRE
2025-08-09 00:21:01,596 - INFO - Received [home/bedroom/node1/led_system/status]: {"green":1,"yellow":0,"red":0}
2025-08-09 00:21:01,597 - INFO - Received [home/bedroom/node1/buzzer/status]: {"active":false,"level":"OFF"}
2025-08-09 00:21:03,670 - INFO - Received [home/bedroom/node1/temperature_sensor/value]: 30.5
2025-08-09 00:21:03,683 - INFO - Received [home/bedroom/node1/humidity_sensor/value]: 72.0
2025-08-09 00:21:03,684 - INFO - Received [home/bedroom/node1/gas_sensor/analog_value]: 1488
2025-08-09 00:21:03,685 - INFO - Received [home/bedroom/node1/gas_sensor/status]: SAFE
2025-08-09 00:21:03,685 - INFO - Received [home/bedroom/node1/flame_sensor/alert]: NO_FIRE
2025-08-09 00:21:03,686 - INFO - Received [home/bedroom/node1/led_system/status]: {"green":1,"yellow":0,"red":0}
2025-08-09 00:21:03,686 - INFO - Received [home/bedroom/node1/buzzer/status]: {"active":false,"level":"OFF"}
2025-08-09 00:21:05,756 - INFO - Received [home/bedroom/node1/temperature_sensor/value]: 30.5
2025-08-09 00:21:05,809 - INFO - Received [home/bedroom/node1/humidity_sensor/value]: 72.0
2025-08-09 00:21:05,810 - INFO - Received [home/bedroom/node1/gas_sensor/analog_value]: 1489
2025-08-09 00:21:05,811 - INFO - Received [home/bedroom/node1/gas_sensor/status]: SAFE
2025-08-09 00:21:05,811 - INFO - Received [home/bedroom/node1/flame_sensor/alert]: NO_FIRE
2025-08-09 00:21:05,812 - INFO - Received [home/bedroom/node1/led_system/status]: {"green":1,"yellow":0,"red":0}
2025-08-09 00:21:05,812 - INFO - Received [home/bedroom/node1/buzzer/status]: {"active":false,"level":"OFF"}
2025-08-09 00:21:07,849 - INFO - Received [home/bedroom/node1/temperature_sensor/value]: 30.5
2025-08-09 00:21:07,858 - INFO - Received [home/bedroom/node1/humidity_sensor/value]: 72.0
2025-08-09 00:21:07,858 - INFO - Received [home/bedroom/node1/gas_sensor/analog_value]: 1484
2025-08-09 00:21:07,859 - INFO - Received [home/bedroom/node1/gas_sensor/status]: SAFE
2025-08-09 00:21:07,859 - INFO - Received [home/bedroom/node1/flame_sensor/alert]: NO_FIRE
2025-08-09 00:21:07,860 - INFO - Received [home/bedroom/node1/led_system/status]: {"green":1,"yellow":0,"red":0}
2025-08-09 00:21:07,860 - INFO - Received [home/bedroom/node1/buzzer/status]: {"active":false,"level":"OFF"}
2025-08-09 00:21:09,931 - INFO - Received [home/bedroom/node1/temperature_sensor/value]: 30.5
2025-08-09 00:21:09,939 - INFO - Received [home/bedroom/node1/humidity_sensor/value]: 72.0
2025-08-09 00:21:09,939 - INFO - Received [home/bedroom/node1/gas_sensor/analog_value]: 1487
2025-08-09 00:21:09,940 - INFO - Received [home/bedroom/node1/gas_sensor/status]: SAFE
2025-08-09 00:21:09,940 - INFO - Received [home/bedroom/node1/flame_sensor/alert]: NO_FIRE
2025-08-09 00:21:09,940 - INFO - Received [home/bedroom/node1/led_system/status]: {"green":1,"yellow":0,"red":0}
2025-08-09 00:21:09,941 - INFO - Received [home/bedroom/node1/buzzer/status]: {"active":false,"level":"OFF"}
2025-08-09 00:21:12,018 - INFO - Received [home/bedroom/node1/temperature_sensor/value]: 30.5
2025-08-09 00:21:12,025 - INFO - Received [home/bedroom/node1/humidity_sensor/value]: 71.9
2025-08-09 00:21:12,025 - INFO - Received [home/bedroom/node1/gas_sensor/analog_value]: 1483
2025-08-09 00:21:12,026 - INFO - Received [home/bedroom/node1/gas_sensor/status]: SAFE
2025-08-09 00:21:12,026 - INFO - Received [home/bedroom/node1/flame_sensor/alert]: NO_FIRE
2025-08-09 00:21:12,027 - INFO - Received [home/bedroom/node1/led_system/status]: {"green":1,"yellow":0,"red":0}
2025-08-09 00:21:12,027 - INFO - Received [home/bedroom/node1/buzzer/status]: {"active":false,"level":"OFF"}
2025-08-09 00:21:14,108 - INFO - Received [home/bedroom/node1/temperature_sensor/value]: 30.5
2025-08-09 00:21:14,122 - INFO - Received [home/bedroom/node1/humidity_sensor/value]: 71.9
2025-08-09 00:21:14,123 - INFO - Received [home/bedroom/node1/gas_sensor/analog_value]: 1482
2025-08-09 00:21:14,123 - INFO - Received [home/bedroom/node1/gas_sensor/status]: SAFE
2025-08-09 00:21:14,124 - INFO - Received [home/bedroom/node1/flame_sensor/alert]: NO_FIRE
2025-08-09 00:21:14,124 - INFO - Received [home/bedroom/node1/led_system/status]: {"green":1,"yellow":0,"red":0}
2025-08-09 00:21:14,124 - INFO - Received [home/bedroom/node1/buzzer/status]: {"active":false,"level":"OFF"}
2025-08-09 00:21:16,194 - INFO - Received [home/bedroom/node1/temperature_sensor/value]: 30.5
2025-08-09 00:21:16,201 - INFO - Received [home/bedroom/node1/humidity_sensor/value]: 71.9
2025-08-09 00:21:16,201 - INFO - Received [home/bedroom/node1/gas_sensor/analog_value]: 1471
2025-08-09 00:21:16,202 - INFO - Received [home/bedroom/node1/gas_sensor/status]: SAFE
2025-08-09 00:21:16,202 - INFO - Received [home/bedroom/node1/flame_sensor/alert]: NO_FIRE
2025-08-09 00:21:16,202 - INFO - Received [home/bedroom/node1/led_system/status]: {"green":1,"yellow":0,"red":0}
2025-08-09 00:21:16,202 - INFO - Received [home/bedroom/node1/buzzer/status]: {"active":false,"level":"OFF"}
2025-08-09 00:21:17,559 - INFO - Received [home/system/heartbeat]: {"room":"bedroom","node":"node1","type":"environmental_monitor","uptime":60,"free_heap":233804,"wifi_rssi":-40,"timestamp":60}
2025-08-09 00:21:18,280 - INFO - Received [home/bedroom/node1/temperature_sensor/value]: 30.5
2025-08-09 00:21:18,287 - INFO - Received [home/bedroom/node1/humidity_sensor/value]: 71.8
2025-08-09 00:21:18,288 - INFO - Received [home/bedroom/node1/gas_sensor/analog_value]: 1462
2025-08-09 00:21:18,289 - INFO - Received [home/bedroom/node1/gas_sensor/status]: SAFE
2025-08-09 00:21:18,289 - INFO - Received [home/bedroom/node1/flame_sensor/alert]: NO_FIRE
2025-08-09 00:21:18,289 - INFO - Received [home/bedroom/node1/led_system/status]: {"green":1,"yellow":0,"red":0}
2025-08-09 00:21:18,294 - INFO - Received [home/bedroom/node1/buzzer/status]: {"active":false,"level":"OFF"}
2025-08-09 00:21:20,375 - INFO - Received [home/bedroom/node1/temperature_sensor/value]: 30.6
2025-08-09 00:21:20,383 - INFO - Received [home/bedroom/node1/humidity_sensor/value]: 71.8
2025-08-09 00:21:20,384 - INFO - Received [home/bedroom/node1/gas_sensor/analog_value]: 1467
2025-08-09 00:21:20,384 - INFO - Received [home/bedroom/node1/gas_sensor/status]: SAFE
2025-08-09 00:21:20,385 - INFO - Received [home/bedroom/node1/flame_sensor/alert]: NO_FIRE
2025-08-09 00:21:20,385 - INFO - Received [home/bedroom/node1/led_system/status]: {"green":1,"yellow":0,"red":0}
2025-08-09 00:21:20,385 - INFO - Received [home/bedroom/node1/buzzer/status]: {"active":false,"level":"OFF"}
2025-08-09 00:21:22,473 - INFO - Received [home/bedroom/node1/temperature_sensor/value]: 30.6
2025-08-09 00:21:22,734 - INFO - Received [home/bedroom/node1/humidity_sensor/value]: 71.8
2025-08-09 00:21:22,735 - INFO - Received [home/bedroom/node1/gas_sensor/analog_value]: 1463
2025-08-09 00:21:22,735 - INFO - Received [home/bedroom/node1/gas_sensor/status]: SAFE
2025-08-09 00:21:22,735 - INFO - Received [home/bedroom/node1/flame_sensor/alert]: NO_FIRE
2025-08-09 00:21:22,736 - INFO - Received [home/bedroom/node1/led_system/status]: {"green":1,"yellow":0,"red":0}
2025-08-09 00:21:22,736 - INFO - Received [home/bedroom/node1/buzzer/status]: {"active":false,"level":"OFF"}
2025-08-09 00:21:24,550 - INFO - Received [home/bedroom/node1/temperature_sensor/value]: 30.6
2025-08-09 00:21:24,559 - INFO - Received [home/bedroom/node1/humidity_sensor/value]: 71.8
2025-08-09 00:21:24,560 - INFO - Received [home/bedroom/node1/gas_sensor/analog_value]: 1482
2025-08-09 00:21:24,561 - INFO - Received [home/bedroom/node1/gas_sensor/status]: SAFE
2025-08-09 00:21:24,561 - INFO - Received [home/bedroom/node1/flame_sensor/alert]: NO_FIRE
2025-08-09 00:21:24,562 - INFO - Received [home/bedroom/node1/led_system/status]: {"green":1,"yellow":0,"red":0}
2025-08-09 00:21:24,562 - INFO - Received [home/bedroom/node1/buzzer/status]: {"active":false,"level":"OFF"}
2025-08-09 00:21:26,637 - INFO - Received [home/bedroom/node1/temperature_sensor/value]: 30.6
2025-08-09 00:21:26,646 - INFO - Received [home/bedroom/node1/humidity_sensor/value]: 71.7
2025-08-09 00:21:26,647 - INFO - Received [home/bedroom/node1/gas_sensor/analog_value]: 1456
2025-08-09 00:21:26,648 - INFO - Received [home/bedroom/node1/gas_sensor/status]: SAFE
2025-08-09 00:21:26,648 - INFO - Received [home/bedroom/node1/flame_sensor/alert]: NO_FIRE
2025-08-09 00:21:26,649 - INFO - Received [home/bedroom/node1/led_system/status]: {"green":1,"yellow":0,"red":0}
2025-08-09 00:21:26,649 - INFO - Received [home/bedroom/node1/buzzer/status]: {"active":false,"level":"OFF"}
2025-08-09 00:21:28,724 - INFO - Received [home/bedroom/node1/temperature_sensor/value]: 30.6
2025-08-09 00:21:28,731 - INFO - Received [home/bedroom/node1/humidity_sensor/value]: 71.7
2025-08-09 00:21:28,731 - INFO - Received [home/bedroom/node1/gas_sensor/analog_value]: 1459
2025-08-09 00:21:28,732 - INFO - Received [home/bedroom/node1/gas_sensor/status]: SAFE
2025-08-09 00:21:28,732 - INFO - Received [home/bedroom/node1/flame_sensor/alert]: NO_FIRE
2025-08-09 00:21:28,733 - INFO - Received [home/bedroom/node1/led_system/status]: {"green":1,"yellow":0,"red":0}
2025-08-09 00:21:28,733 - INFO - Received [home/bedroom/node1/buzzer/status]: {"active":false,"level":"OFF"}
2025-08-09 00:21:30,809 - INFO - Received [home/bedroom/node1/temperature_sensor/value]: 30.6
2025-08-09 00:21:30,823 - INFO - Received [home/bedroom/node1/humidity_sensor/value]: 71.7
2025-08-09 00:21:30,824 - INFO - Received [home/bedroom/node1/gas_sensor/analog_value]: 1456
2025-08-09 00:21:30,825 - INFO - Received [home/bedroom/node1/gas_sensor/status]: SAFE
2025-08-09 00:21:30,826 - INFO - Received [home/bedroom/node1/flame_sensor/alert]: NO_FIRE
2025-08-09 00:21:30,827 - INFO - Received [home/bedroom/node1/led_system/status]: {"green":1,"yellow":0,"red":0}
2025-08-09 00:21:30,827 - INFO - Received [home/bedroom/node1/buzzer/status]: {"active":false,"level":"OFF"}
2025-08-09 00:21:32,898 - INFO - Received [home/bedroom/node1/temperature_sensor/value]: 30.6
2025-08-09 00:21:32,905 - INFO - Received [home/bedroom/node1/humidity_sensor/value]: 71.7
2025-08-09 00:21:32,905 - INFO - Received [home/bedroom/node1/gas_sensor/analog_value]: 1456
2025-08-09 00:21:32,906 - INFO - Received [home/bedroom/node1/gas_sensor/status]: SAFE
2025-08-09 00:21:32,906 - INFO - Received [home/bedroom/node1/flame_sensor/alert]: NO_FIRE
2025-08-09 00:21:32,906 - INFO - Received [home/bedroom/node1/led_system/status]: {"green":1,"yellow":0,"red":0}
2025-08-09 00:21:32,907 - INFO - Received [home/bedroom/node1/buzzer/status]: {"active":false,"level":"OFF"}
2025-08-09 00:21:34,986 - INFO - Received [home/bedroom/node1/temperature_sensor/value]: 30.6
2025-08-09 00:21:34,994 - INFO - Received [home/bedroom/node1/humidity_sensor/value]: 71.7
2025-08-09 00:21:34,995 - INFO - Received [home/bedroom/node1/gas_sensor/analog_value]: 1446
2025-08-09 00:21:34,995 - INFO - Received [home/bedroom/node1/gas_sensor/status]: SAFE
2025-08-09 00:21:34,996 - INFO - Received [home/bedroom/node1/flame_sensor/alert]: NO_FIRE
2025-08-09 00:21:34,996 - INFO - Received [home/bedroom/node1/led_system/status]: {"green":1,"yellow":0,"red":0}
2025-08-09 00:21:34,996 - INFO - Received [home/bedroom/node1/buzzer/status]: {"active":false,"level":"OFF"}
2025-08-09 00:21:37,076 - INFO - Received [home/bedroom/node1/temperature_sensor/value]: 30.6
2025-08-09 00:21:37,125 - INFO - Received [home/bedroom/node1/humidity_sensor/value]: 71.6
2025-08-09 00:21:37,125 - INFO - Received [home/bedroom/node1/gas_sensor/analog_value]: 1451
2025-08-09 00:21:37,126 - INFO - Received [home/bedroom/node1/gas_sensor/status]: SAFE
2025-08-09 00:21:37,126 - INFO - Received [home/bedroom/node1/flame_sensor/alert]: NO_FIRE
2025-08-09 00:21:37,127 - INFO - Received [home/bedroom/node1/led_system/status]: {"green":1,"yellow":0,"red":0}
2025-08-09 00:21:37,127 - INFO - Received [home/bedroom/node1/buzzer/status]: {"active":false,"level":"OFF"}
2025-08-09 00:21:39,163 - INFO - Received [home/bedroom/node1/temperature_sensor/value]: 30.6
2025-08-09 00:21:39,172 - INFO - Received [home/bedroom/node1/humidity_sensor/value]: 71.6
2025-08-09 00:21:39,172 - INFO - Received [home/bedroom/node1/gas_sensor/analog_value]: 1438
2025-08-09 00:21:39,173 - INFO - Received [home/bedroom/node1/gas_sensor/status]: SAFE
2025-08-09 00:21:39,173 - INFO - Received [home/bedroom/node1/flame_sensor/alert]: NO_FIRE
2025-08-09 00:21:39,174 - INFO - Received [home/bedroom/node1/led_system/status]: {"green":1,"yellow":0,"red":0}
2025-08-09 00:21:39,174 - INFO - Received [home/bedroom/node1/buzzer/status]: {"active":false,"level":"OFF"}
2025-08-09 00:21:41,249 - INFO - Received [home/bedroom/node1/temperature_sensor/value]: 30.6
2025-08-09 00:21:41,262 - INFO - Received [home/bedroom/node1/humidity_sensor/value]: 71.6
2025-08-09 00:21:41,262 - INFO - Received [home/bedroom/node1/gas_sensor/analog_value]: 1434
2025-08-09 00:21:41,263 - INFO - Received [home/bedroom/node1/gas_sensor/status]: SAFE
2025-08-09 00:21:41,263 - INFO - Received [home/bedroom/node1/flame_sensor/alert]: NO_FIRE
2025-08-09 00:21:41,264 - INFO - Received [home/bedroom/node1/led_system/status]: {"green":1,"yellow":0,"red":0}
2025-08-09 00:21:41,264 - INFO - Received [home/bedroom/node1/buzzer/status]: {"active":false,"level":"OFF"}
2025-08-09 00:21:43,339 - INFO - Received [home/bedroom/node1/temperature_sensor/value]: 30.6
2025-08-09 00:21:43,346 - INFO - Received [home/bedroom/node1/humidity_sensor/value]: 71.6
2025-08-09 00:21:43,347 - INFO - Received [home/bedroom/node1/gas_sensor/analog_value]: 1437
2025-08-09 00:21:43,347 - INFO - Received [home/bedroom/node1/gas_sensor/status]: SAFE
2025-08-09 00:21:43,348 - INFO - Received [home/bedroom/node1/flame_sensor/alert]: NO_FIRE
2025-08-09 00:21:43,348 - INFO - Received [home/bedroom/node1/led_system/status]: {"green":1,"yellow":0,"red":0}
2025-08-09 00:21:43,348 - INFO - Received [home/bedroom/node1/buzzer/status]: {"active":false,"level":"OFF"}
2025-08-09 00:21:45,426 - INFO - Received [home/bedroom/node1/temperature_sensor/value]: 30.6
2025-08-09 00:21:45,435 - INFO - Received [home/bedroom/node1/humidity_sensor/value]: 71.6
2025-08-09 00:21:45,437 - INFO - Received [home/bedroom/node1/gas_sensor/analog_value]: 1433
2025-08-09 00:21:45,437 - INFO - Received [home/bedroom/node1/gas_sensor/status]: SAFE
2025-08-09 00:21:45,438 - INFO - Received [home/bedroom/node1/flame_sensor/alert]: NO_FIRE
2025-08-09 00:21:45,438 - INFO - Received [home/bedroom/node1/led_system/status]: {"green":1,"yellow":0,"red":0}
2025-08-09 00:21:45,438 - INFO - Received [home/bedroom/node1/buzzer/status]: {"active":false,"level":"OFF"}
2025-08-09 00:21:47,513 - INFO - Received [home/bedroom/node1/temperature_sensor/value]: 30.6
2025-08-09 00:21:47,522 - INFO - Received [home/bedroom/node1/humidity_sensor/value]: 71.5
2025-08-09 00:21:47,522 - INFO - Received [home/bedroom/node1/gas_sensor/analog_value]: 1424
2025-08-09 00:21:47,523 - INFO - Received [home/bedroom/node1/gas_sensor/status]: SAFE
2025-08-09 00:21:47,523 - INFO - Received [home/bedroom/node1/flame_sensor/alert]: NO_FIRE
2025-08-09 00:21:47,524 - INFO - Received [home/bedroom/node1/led_system/status]: {"green":1,"yellow":0,"red":0}
2025-08-09 00:21:47,524 - INFO - Received [home/bedroom/node1/buzzer/status]: {"active":false,"level":"OFF"}
2025-08-09 00:21:47,570 - INFO - Received [home/system/heartbeat]: {"room":"bedroom","node":"node1","type":"environmental_monitor","uptime":90,"free_heap":233804,"wifi_rssi":-38,"timestamp":90}
2025-08-09 00:21:49,601 - INFO - Received [home/bedroom/node1/temperature_sensor/value]: 30.6
2025-08-09 00:21:49,609 - INFO - Received [home/bedroom/node1/humidity_sensor/value]: 71.5
2025-08-09 00:21:49,610 - INFO - Received [home/bedroom/node1/gas_sensor/analog_value]: 1426
2025-08-09 00:21:49,610 - INFO - Received [home/bedroom/node1/gas_sensor/status]: SAFE
2025-08-09 00:21:49,611 - INFO - Received [home/bedroom/node1/flame_sensor/alert]: NO_FIRE
2025-08-09 00:21:49,611 - INFO - Received [home/bedroom/node1/led_system/status]: {"green":1,"yellow":0,"red":0}
2025-08-09 00:21:49,611 - INFO - Received [home/bedroom/node1/buzzer/status]: {"active":false,"level":"OFF"}
2025-08-09 00:21:51,694 - INFO - Received [home/bedroom/node1/temperature_sensor/value]: 30.6
2025-08-09 00:21:51,747 - INFO - Received [home/bedroom/node1/humidity_sensor/value]: 71.5
2025-08-09 00:21:51,748 - INFO - Received [home/bedroom/node1/gas_sensor/analog_value]: 1424
2025-08-09 00:21:51,749 - INFO - Received [home/bedroom/node1/gas_sensor/status]: SAFE
2025-08-09 00:21:51,750 - INFO - Received [home/bedroom/node1/flame_sensor/alert]: NO_FIRE
2025-08-09 00:21:51,750 - INFO - Received [home/bedroom/node1/led_system/status]: {"green":1,"yellow":0,"red":0}
2025-08-09 00:21:51,750 - INFO - Received [home/bedroom/node1/buzzer/status]: {"active":false,"level":"OFF"}
2025-08-09 00:21:53,781 - INFO - Received [home/bedroom/node1/temperature_sensor/value]: 30.6
2025-08-09 00:21:53,790 - INFO - Received [home/bedroom/node1/humidity_sensor/value]: 71.5
2025-08-09 00:21:53,790 - INFO - Received [home/bedroom/node1/gas_sensor/analog_value]: 1423
2025-08-09 00:21:53,791 - INFO - Received [home/bedroom/node1/gas_sensor/status]: SAFE
2025-08-09 00:21:53,792 - INFO - Received [home/bedroom/node1/flame_sensor/alert]: NO_FIRE
2025-08-09 00:21:53,792 - INFO - Received [home/bedroom/node1/led_system/status]: {"green":1,"yellow":0,"red":0}
2025-08-09 00:21:53,792 - INFO - Received [home/bedroom/node1/buzzer/status]: {"active":false,"level":"OFF"}
2025-08-09 00:21:55,868 - INFO - Received [home/bedroom/node1/temperature_sensor/value]: 30.6
2025-08-09 00:21:55,877 - INFO - Received [home/bedroom/node1/humidity_sensor/value]: 71.5
2025-08-09 00:21:55,877 - INFO - Received [home/bedroom/node1/gas_sensor/analog_value]: 1424
2025-08-09 00:21:55,878 - INFO - Received [home/bedroom/node1/gas_sensor/status]: SAFE
2025-08-09 00:21:55,878 - INFO - Received [home/bedroom/node1/flame_sensor/alert]: NO_FIRE
2025-08-09 00:21:55,878 - INFO - Received [home/bedroom/node1/led_system/status]: {"green":1,"yellow":0,"red":0}
2025-08-09 00:21:55,878 - INFO - Received [home/bedroom/node1/buzzer/status]: {"active":false,"level":"OFF"}
2025-08-09 00:21:57,955 - INFO - Received [home/bedroom/node1/temperature_sensor/value]: 30.6
2025-08-09 00:21:57,963 - INFO - Received [home/bedroom/node1/humidity_sensor/value]: 71.4
2025-08-09 00:21:57,964 - INFO - Received [home/bedroom/node1/gas_sensor/analog_value]: 1403
2025-08-09 00:21:57,964 - INFO - Received [home/bedroom/node1/gas_sensor/status]: SAFE
2025-08-09 00:21:57,965 - INFO - Received [home/bedroom/node1/flame_sensor/alert]: NO_FIRE
2025-08-09 00:21:57,965 - INFO - Received [home/bedroom/node1/led_system/status]: {"green":1,"yellow":0,"red":0}
2025-08-09 00:21:57,966 - INFO - Received [home/bedroom/node1/buzzer/status]: {"active":false,"level":"OFF"}
2025-08-09 00:22:00,042 - INFO - Received [home/bedroom/node1/temperature_sensor/value]: 30.6
2025-08-09 00:22:00,051 - INFO - Received [home/bedroom/node1/humidity_sensor/value]: 71.4
2025-08-09 00:22:00,052 - INFO - Received [home/bedroom/node1/gas_sensor/analog_value]: 1413
2025-08-09 00:22:00,052 - INFO - Received [home/bedroom/node1/gas_sensor/status]: SAFE
2025-08-09 00:22:00,053 - INFO - Received [home/bedroom/node1/flame_sensor/alert]: NO_FIRE
2025-08-09 00:22:00,053 - INFO - Received [home/bedroom/node1/led_system/status]: {"green":1,"yellow":0,"red":0}
2025-08-09 00:22:00,053 - INFO - Received [home/bedroom/node1/buzzer/status]: {"active":false,"level":"OFF"}
2025-08-09 00:22:02,126 - INFO - Received [home/bedroom/node1/temperature_sensor/value]: 30.7
2025-08-09 00:22:02,133 - INFO - Received [home/bedroom/node1/humidity_sensor/value]: 71.4
2025-08-09 00:22:02,134 - INFO - Received [home/bedroom/node1/gas_sensor/analog_value]: 1420
2025-08-09 00:22:02,135 - INFO - Received [home/bedroom/node1/gas_sensor/status]: SAFE
2025-08-09 00:22:02,136 - INFO - Received [home/bedroom/node1/flame_sensor/alert]: NO_FIRE
2025-08-09 00:22:02,136 - INFO - Received [home/bedroom/node1/led_system/status]: {"green":1,"yellow":0,"red":0}
2025-08-09 00:22:02,137 - INFO - Received [home/bedroom/node1/buzzer/status]: {"active":false,"level":"OFF"}
2025-08-09 00:22:04,216 - INFO - Received [home/bedroom/node1/temperature_sensor/value]: 30.7
2025-08-09 00:22:04,226 - INFO - Received [home/bedroom/node1/humidity_sensor/value]: 71.3
2025-08-09 00:22:04,227 - INFO - Received [home/bedroom/node1/gas_sensor/analog_value]: 1411
2025-08-09 00:22:04,228 - INFO - Received [home/bedroom/node1/gas_sensor/status]: SAFE
2025-08-09 00:22:04,228 - INFO - Received [home/bedroom/node1/flame_sensor/alert]: NO_FIRE
2025-08-09 00:22:04,229 - INFO - Received [home/bedroom/node1/led_system/status]: {"green":1,"yellow":0,"red":0}
2025-08-09 00:22:04,229 - INFO - Received [home/bedroom/node1/buzzer/status]: {"active":false,"level":"OFF"}
2025-08-09 00:22:06,305 - INFO - Received [home/bedroom/node1/temperature_sensor/value]: 30.7
2025-08-09 00:22:06,359 - INFO - Received [home/bedroom/node1/humidity_sensor/value]: 71.2
2025-08-09 00:22:06,360 - INFO - Received [home/bedroom/node1/gas_sensor/analog_value]: 1403
2025-08-09 00:22:06,360 - INFO - Received [home/bedroom/node1/gas_sensor/status]: SAFE
2025-08-09 00:22:06,361 - INFO - Received [home/bedroom/node1/flame_sensor/alert]: NO_FIRE
2025-08-09 00:22:06,362 - INFO - Received [home/bedroom/node1/led_system/status]: {"green":1,"yellow":0,"red":0}
2025-08-09 00:22:06,362 - INFO - Received [home/bedroom/node1/buzzer/status]: {"active":false,"level":"OFF"}
2025-08-09 00:22:08,399 - INFO - Received [home/bedroom/node1/temperature_sensor/value]: 30.7
2025-08-09 00:22:08,407 - INFO - Received [home/bedroom/node1/humidity_sensor/value]: 71.2
2025-08-09 00:22:08,408 - INFO - Received [home/bedroom/node1/gas_sensor/analog_value]: 1408
2025-08-09 00:22:08,408 - INFO - Received [home/bedroom/node1/gas_sensor/status]: SAFE
2025-08-09 00:22:08,409 - INFO - Received [home/bedroom/node1/flame_sensor/alert]: NO_FIRE
2025-08-09 00:22:08,409 - INFO - Received [home/bedroom/node1/led_system/status]: {"green":1,"yellow":0,"red":0}
2025-08-09 00:22:08,409 - INFO - Received [home/bedroom/node1/buzzer/status]: {"active":false,"level":"OFF"}
2025-08-09 00:22:10,481 - INFO - Received [home/bedroom/node1/temperature_sensor/value]: 30.7
2025-08-09 00:22:10,490 - INFO - Received [home/bedroom/node1/humidity_sensor/value]: 71.1
2025-08-09 00:22:10,491 - INFO - Received [home/bedroom/node1/gas_sensor/analog_value]: 1403
2025-08-09 00:22:10,491 - INFO - Received [home/bedroom/node1/gas_sensor/status]: SAFE
2025-08-09 00:22:10,492 - INFO - Received [home/bedroom/node1/flame_sensor/alert]: NO_FIRE
2025-08-09 00:22:10,493 - INFO - Received [home/bedroom/node1/led_system/status]: {"green":1,"yellow":0,"red":0}
2025-08-09 00:22:10,493 - INFO - Received [home/bedroom/node1/buzzer/status]: {"active":false,"level":"OFF"}
2025-08-09 00:22:12,569 - INFO - Received [home/bedroom/node1/temperature_sensor/value]: 30.7
2025-08-09 00:22:12,577 - INFO - Received [home/bedroom/node1/humidity_sensor/value]: 71.1
2025-08-09 00:22:12,577 - INFO - Received [home/bedroom/node1/gas_sensor/analog_value]: 1398
2025-08-09 00:22:12,578 - INFO - Received [home/bedroom/node1/gas_sensor/status]: SAFE
2025-08-09 00:22:12,578 - INFO - Received [home/bedroom/node1/flame_sensor/alert]: NO_FIRE
2025-08-09 00:22:12,579 - INFO - Received [home/bedroom/node1/led_system/status]: {"green":1,"yellow":0,"red":0}
2025-08-09 00:22:12,579 - INFO - Received [home/bedroom/node1/buzzer/status]: {"active":false,"level":"OFF"}
2025-08-09 00:22:14,652 - INFO - Received [home/bedroom/node1/temperature_sensor/value]: 30.7
2025-08-09 00:22:14,659 - INFO - Received [home/bedroom/node1/humidity_sensor/value]: 71.1
2025-08-09 00:22:14,659 - INFO - Received [home/bedroom/node1/gas_sensor/analog_value]: 1384
2025-08-09 00:22:14,660 - INFO - Received [home/bedroom/node1/gas_sensor/status]: SAFE
2025-08-09 00:22:14,660 - INFO - Received [home/bedroom/node1/flame_sensor/alert]: NO_FIRE
2025-08-09 00:22:14,660 - INFO - Received [home/bedroom/node1/led_system/status]: {"green":1,"yellow":0,"red":0}
2025-08-09 00:22:14,661 - INFO - Received [home/bedroom/node1/buzzer/status]: {"active":false,"level":"OFF"}
2025-08-09 00:22:16,742 - INFO - Received [home/bedroom/node1/temperature_sensor/value]: 30.7
2025-08-09 00:22:16,751 - INFO - Received [home/bedroom/node1/humidity_sensor/value]: 71.0
2025-08-09 00:22:16,752 - INFO - Received [home/bedroom/node1/gas_sensor/analog_value]: 1395
2025-08-09 00:22:16,753 - INFO - Received [home/bedroom/node1/gas_sensor/status]: SAFE
2025-08-09 00:22:16,753 - INFO - Received [home/bedroom/node1/flame_sensor/alert]: NO_FIRE
2025-08-09 00:22:16,754 - INFO - Received [home/bedroom/node1/led_system/status]: {"green":1,"yellow":0,"red":0}
2025-08-09 00:22:16,754 - INFO - Received [home/bedroom/node1/buzzer/status]: {"active":false,"level":"OFF"}
2025-08-09 00:22:17,606 - INFO - Received [home/system/heartbeat]: {"room":"bedroom","node":"node1","type":"environmental_monitor","uptime":120,"free_heap":233804,"wifi_rssi":-40,"timestamp":120}
2025-08-09 00:22:18,833 - INFO - Received [home/bedroom/node1/temperature_sensor/value]: 30.7
2025-08-09 00:22:18,847 - INFO - Received [home/bedroom/node1/humidity_sensor/value]: 71.0
2025-08-09 00:22:18,848 - INFO - Received [home/bedroom/node1/gas_sensor/analog_value]: 1378
2025-08-09 00:22:18,848 - INFO - Received [home/bedroom/node1/gas_sensor/status]: SAFE
2025-08-09 00:22:18,849 - INFO - Received [home/bedroom/node1/flame_sensor/alert]: NO_FIRE
2025-08-09 00:22:18,849 - INFO - Received [home/bedroom/node1/led_system/status]: {"green":1,"yellow":0,"red":0}
2025-08-09 00:22:18,850 - INFO - Received [home/bedroom/node1/buzzer/status]: {"active":false,"level":"OFF"}
2025-08-09 00:22:20,920 - INFO - Received [home/bedroom/node1/temperature_sensor/value]: 30.7
2025-08-09 00:22:20,928 - INFO - Received [home/bedroom/node1/humidity_sensor/value]: 71.0
2025-08-09 00:22:20,929 - INFO - Received [home/bedroom/node1/gas_sensor/analog_value]: 1388
2025-08-09 00:22:20,930 - INFO - Received [home/bedroom/node1/gas_sensor/status]: SAFE
2025-08-09 00:22:20,931 - INFO - Received [home/bedroom/node1/flame_sensor/alert]: NO_FIRE
2025-08-09 00:22:20,931 - INFO - Received [home/bedroom/node1/led_system/status]: {"green":1,"yellow":0,"red":0}
2025-08-09 00:22:20,931 - INFO - Received [home/bedroom/node1/buzzer/status]: {"active":false,"level":"OFF"}
2025-08-09 00:22:23,008 - INFO - Received [home/bedroom/node1/temperature_sensor/value]: 30.7
2025-08-09 00:22:23,057 - INFO - Received [home/bedroom/node1/humidity_sensor/value]: 70.9
2025-08-09 00:22:23,058 - INFO - Received [home/bedroom/node1/gas_sensor/analog_value]: 1381
2025-08-09 00:22:23,059 - INFO - Received [home/bedroom/node1/gas_sensor/status]: SAFE
2025-08-09 00:22:23,059 - INFO - Received [home/bedroom/node1/flame_sensor/alert]: NO_FIRE
2025-08-09 00:22:23,060 - INFO - Received [home/bedroom/node1/led_system/status]: {"green":1,"yellow":0,"red":0}
2025-08-09 00:22:23,060 - INFO - Received [home/bedroom/node1/buzzer/status]: {"active":false,"level":"OFF"}
2025-08-09 00:22:25,097 - INFO - Received [home/bedroom/node1/temperature_sensor/value]: 30.7
2025-08-09 00:22:25,105 - INFO - Received [home/bedroom/node1/humidity_sensor/value]: 70.9
2025-08-09 00:22:25,106 - INFO - Received [home/bedroom/node1/gas_sensor/analog_value]: 1379
2025-08-09 00:22:25,107 - INFO - Received [home/bedroom/node1/gas_sensor/status]: SAFE
2025-08-09 00:22:25,108 - INFO - Received [home/bedroom/node1/flame_sensor/alert]: NO_FIRE
2025-08-09 00:22:25,109 - INFO - Received [home/bedroom/node1/led_system/status]: {"green":1,"yellow":0,"red":0}
2025-08-09 00:22:25,109 - INFO - Received [home/bedroom/node1/buzzer/status]: {"active":false,"level":"OFF"}
2025-08-09 00:22:27,183 - INFO - Received [home/bedroom/node1/temperature_sensor/value]: 30.7
2025-08-09 00:22:27,190 - INFO - Received [home/bedroom/node1/humidity_sensor/value]: 70.8
2025-08-09 00:22:27,191 - INFO - Received [home/bedroom/node1/gas_sensor/analog_value]: 1385
2025-08-09 00:22:27,192 - INFO - Received [home/bedroom/node1/gas_sensor/status]: SAFE
2025-08-09 00:22:27,192 - INFO - Received [home/bedroom/node1/flame_sensor/alert]: NO_FIRE
2025-08-09 00:22:27,193 - INFO - Received [home/bedroom/node1/led_system/status]: {"green":1,"yellow":0,"red":0}
2025-08-09 00:22:27,193 - INFO - Received [home/bedroom/node1/buzzer/status]: {"active":false,"level":"OFF"}
2025-08-09 00:22:29,270 - INFO - Received [home/bedroom/node1/temperature_sensor/value]: 30.7
2025-08-09 00:22:29,287 - INFO - Received [home/bedroom/node1/humidity_sensor/value]: 70.8
2025-08-09 00:22:29,288 - INFO - Received [home/bedroom/node1/gas_sensor/analog_value]: 1374
2025-08-09 00:22:29,289 - INFO - Received [home/bedroom/node1/gas_sensor/status]: SAFE
2025-08-09 00:22:29,290 - INFO - Received [home/bedroom/node1/flame_sensor/alert]: NO_FIRE
2025-08-09 00:22:29,291 - INFO - Received [home/bedroom/node1/led_system/status]: {"green":1,"yellow":0,"red":0}
2025-08-09 00:22:29,291 - INFO - Received [home/bedroom/node1/buzzer/status]: {"active":false,"level":"OFF"}
2025-08-09 00:22:31,358 - INFO - Received [home/bedroom/node1/temperature_sensor/value]: 30.7
2025-08-09 00:22:31,366 - INFO - Received [home/bedroom/node1/humidity_sensor/value]: 70.8
2025-08-09 00:22:31,366 - INFO - Received [home/bedroom/node1/gas_sensor/analog_value]: 1377
2025-08-09 00:22:31,367 - INFO - Received [home/bedroom/node1/gas_sensor/status]: SAFE
2025-08-09 00:22:31,368 - INFO - Received [home/bedroom/node1/flame_sensor/alert]: NO_FIRE
2025-08-09 00:22:31,368 - INFO - Received [home/bedroom/node1/led_system/status]: {"green":1,"yellow":0,"red":0}
2025-08-09 00:22:31,369 - INFO - Received [home/bedroom/node1/buzzer/status]: {"active":false,"level":"OFF"}
2025-08-09 00:22:33,445 - INFO - Received [home/bedroom/node1/temperature_sensor/value]: 30.8
2025-08-09 00:22:33,453 - INFO - Received [home/bedroom/node1/humidity_sensor/value]: 70.7
2025-08-09 00:22:33,454 - INFO - Received [home/bedroom/node1/gas_sensor/analog_value]: 1373
2025-08-09 00:22:33,455 - INFO - Received [home/bedroom/node1/gas_sensor/status]: SAFE
2025-08-09 00:22:33,455 - INFO - Received [home/bedroom/node1/flame_sensor/alert]: NO_FIRE
2025-08-09 00:22:33,456 - INFO - Received [home/bedroom/node1/led_system/status]: {"green":1,"yellow":0,"red":0}
2025-08-09 00:22:33,456 - INFO - Received [home/bedroom/node1/buzzer/status]: {"active":false,"level":"OFF"}
2025-08-09 00:22:35,535 - INFO - Received [home/bedroom/node1/temperature_sensor/value]: 30.7
2025-08-09 00:22:35,545 - INFO - Received [home/bedroom/node1/humidity_sensor/value]: 70.7
2025-08-09 00:22:35,546 - INFO - Received [home/bedroom/node1/gas_sensor/analog_value]: 1358
2025-08-09 00:22:35,547 - INFO - Received [home/bedroom/node1/gas_sensor/status]: SAFE
2025-08-09 00:22:35,547 - INFO - Received [home/bedroom/node1/flame_sensor/alert]: NO_FIRE
2025-08-09 00:22:35,548 - INFO - Received [home/bedroom/node1/led_system/status]: {"green":1,"yellow":0,"red":0}
2025-08-09 00:22:35,548 - INFO - Received [home/bedroom/node1/buzzer/status]: {"active":false,"level":"OFF"}
2025-08-09 00:22:37,621 - INFO - Received [home/bedroom/node1/temperature_sensor/value]: 30.7
2025-08-09 00:22:37,671 - INFO - Received [home/bedroom/node1/humidity_sensor/value]: 70.7
2025-08-09 00:22:37,672 - INFO - Received [home/bedroom/node1/gas_sensor/analog_value]: 1366
2025-08-09 00:22:37,673 - INFO - Received [home/bedroom/node1/gas_sensor/status]: SAFE
2025-08-09 00:22:37,673 - INFO - Received [home/bedroom/node1/flame_sensor/alert]: NO_FIRE
2025-08-09 00:22:37,674 - INFO - Received [home/bedroom/node1/led_system/status]: {"green":1,"yellow":0,"red":0}
2025-08-09 00:22:37,674 - INFO - Received [home/bedroom/node1/buzzer/status]: {"active":false,"level":"OFF"}
2025-08-09 00:22:39,708 - INFO - Received [home/bedroom/node1/temperature_sensor/value]: 30.7
2025-08-09 00:22:39,719 - INFO - Received [home/bedroom/node1/humidity_sensor/value]: 70.6
2025-08-09 00:22:39,720 - INFO - Received [home/bedroom/node1/gas_sensor/analog_value]: 1360
2025-08-09 00:22:39,721 - INFO - Received [home/bedroom/node1/gas_sensor/status]: SAFE
2025-08-09 00:22:39,721 - INFO - Received [home/bedroom/node1/flame_sensor/alert]: NO_FIRE
2025-08-09 00:22:39,722 - INFO - Received [home/bedroom/node1/led_system/status]: {"green":1,"yellow":0,"red":0}
2025-08-09 00:22:39,723 - INFO - Received [home/bedroom/node1/buzzer/status]: {"active":false,"level":"OFF"}
2025-08-09 00:22:40,346 - INFO - Received [home/bedroom/node2/door/command]: {"action": "close", "source": "web", "timestamp": "2025-08-09T00:22:40.346211"}
2025-08-09 00:22:41,796 - INFO - Received [home/bedroom/node1/temperature_sensor/value]: 30.7
2025-08-09 00:22:41,804 - INFO - Received [home/bedroom/node1/humidity_sensor/value]: 70.5
2025-08-09 00:22:41,805 - INFO - Received [home/bedroom/node1/gas_sensor/analog_value]: 1350
2025-08-09 00:22:41,806 - INFO - Received [home/bedroom/node1/gas_sensor/status]: SAFE
2025-08-09 00:22:41,807 - INFO - Received [home/bedroom/node1/flame_sensor/alert]: NO_FIRE
2025-08-09 00:22:41,808 - INFO - Received [home/bedroom/node1/led_system/status]: {"green":1,"yellow":0,"red":0}
2025-08-09 00:22:41,808 - INFO - Received [home/bedroom/node1/buzzer/status]: {"active":false,"level":"OFF"}
2025-08-09 00:22:43,882 - INFO - Received [home/bedroom/node1/temperature_sensor/value]: 30.7
2025-08-09 00:22:43,943 - INFO - Received [home/bedroom/node1/humidity_sensor/value]: 70.5
2025-08-09 00:22:43,944 - INFO - Received [home/bedroom/node1/gas_sensor/analog_value]: 1354
2025-08-09 00:22:43,945 - INFO - Received [home/bedroom/node1/gas_sensor/status]: SAFE
2025-08-09 00:22:43,945 - INFO - Received [home/bedroom/node1/flame_sensor/alert]: NO_FIRE
2025-08-09 00:22:43,946 - INFO - Received [home/bedroom/node1/led_system/status]: {"green":1,"yellow":0,"red":0}
2025-08-09 00:22:43,946 - INFO - Received [home/bedroom/node1/buzzer/status]: {"active":false,"level":"OFF"}
2025-08-09 00:23:32,808 - INFO - Database initialized successfully
2025-08-09 00:23:32,808 - INFO - Starting Smart Home MQTT Receiver...
2025-08-09 00:23:32,811 - INFO - Connected to MQTT broker successfully
2025-08-09 00:23:32,811 - INFO - Subscribed to: home/+/+/+/+
2025-08-09 00:23:32,812 - INFO - Subscribed to: home/system/+
2025-08-09 00:23:39,517 - INFO - Received [home/livingroom/node2/door/command]: {"action": "open", "source": "web", "timestamp": "2025-08-09T00:23:39.517555"}
2025-08-09 00:23:39,517 - INFO - Received [home/livingroom/node2/door/command]: {"action": "open", "source": "web", "timestamp": "2025-08-09T00:23:39.517555"}
2025-08-09 00:23:41,338 - INFO - Received [home/bedroom/node2/door/command]: {"action": "open", "source": "web", "timestamp": "2025-08-09T00:23:41.338148"}
2025-08-09 00:23:41,338 - INFO - Received [home/bedroom/node2/door/command]: {"action": "open", "source": "web", "timestamp": "2025-08-09T00:23:41.338148"}
2025-08-09 00:23:56,066 - INFO - Received [home/bedroom/node2/door/command]: {"action": "toggle", "source": "web", "timestamp": "2025-08-09T00:23:56.065714"}
2025-08-09 00:23:56,066 - INFO - Received [home/bedroom/node2/door/command]: {"action": "toggle", "source": "web", "timestamp": "2025-08-09T00:23:56.065714"}
2025-08-09 00:23:56,462 - INFO - Received [home/bedroom/node2/door/command]: {"action": "toggle", "source": "web", "timestamp": "2025-08-09T00:23:56.461968"}
2025-08-09 00:23:56,462 - INFO - Received [home/bedroom/node2/door/command]: {"action": "toggle", "source": "web", "timestamp": "2025-08-09T00:23:56.461968"}
2025-08-09 00:24:02,074 - INFO - Received [home/livingroom/node2/door/command]: {"action": "open", "source": "web", "timestamp": "2025-08-09T00:24:02.073840"}
2025-08-09 00:24:02,074 - INFO - Received [home/livingroom/node2/door/command]: {"action": "open", "source": "web", "timestamp": "2025-08-09T00:24:02.073840"}
2025-08-09 00:24:03,121 - INFO - Received [home/livingroom/node2/door/command]: {"action": "close", "source": "web", "timestamp": "2025-08-09T00:24:03.121156"}
2025-08-09 00:24:03,121 - INFO - Received [home/livingroom/node2/door/command]: {"action": "close", "source": "web", "timestamp": "2025-08-09T00:24:03.121156"}
2025-08-09 00:24:06,885 - INFO - Received [home/livingroom/node2/door/command]: {"action": "close", "source": "web", "timestamp": "2025-08-09T00:24:06.885140"}
2025-08-09 00:24:06,885 - INFO - Received [home/livingroom/node2/door/command]: {"action": "close", "source": "web", "timestamp": "2025-08-09T00:24:06.885140"}
2025-08-09 00:24:07,652 - INFO - Received [home/livingroom/node2/door/command]: {"action": "toggle", "source": "web", "timestamp": "2025-08-09T00:24:07.652139"}
2025-08-09 00:24:07,652 - INFO - Received [home/livingroom/node2/door/command]: {"action": "toggle", "source": "web", "timestamp": "2025-08-09T00:24:07.652139"}
